<?xml version="1.0" encoding="UTF-8"?>
<testng-results ignored="0" total="1" passed="1" failed="0" skipped="0">
  <reporter-output>
  </reporter-output>
  <suite started-at="2022-04-23T18:29:18 IST" name="Default suite" finished-at="2022-04-23T18:29:54 IST" duration-ms="36049">
    <groups>
    </groups>
    <test started-at="2022-04-23T18:29:18 IST" name="Default test" finished-at="2022-04-23T18:29:54 IST" duration-ms="36049">
      <class name="login_test.TestClass">
        <test-method is-config="true" signature="setup()[pri:0, instance:login_test.TestClass@54bff557]" started-at="2022-04-23T18:29:18 IST" name="setup" finished-at="2022-04-23T18:29:29 IST" duration-ms="10941" status="PASS">
          <reporter-output>
          </reporter-output>
        </test-method> <!-- setup -->
        <test-method signature="init()[pri:0, instance:login_test.TestClass@54bff557]" started-at="2022-04-23T18:29:29 IST" name="init" finished-at="2022-04-23T18:29:53 IST" duration-ms="24289" status="PASS">
          <reporter-output>
          </reporter-output>
        </test-method> <!-- init -->
        <test-method is-config="true" signature="tearDown()[pri:0, instance:login_test.TestClass@54bff557]" started-at="2022-04-23T18:29:53 IST" name="tearDown" finished-at="2022-04-23T18:29:54 IST" duration-ms="776" status="PASS">
          <reporter-output>
          </reporter-output>
        </test-method> <!-- tearDown -->
      </class> <!-- login_test.TestClass -->
    </test> <!-- Default test -->
  </suite> <!-- Default suite -->
</testng-results>
